2024-09-15T16:02:56.558+02:00  INFO 13872 --- [incredy] [main] fr.bgsoft.incredy.IncredyApplication     : Starting IncredyApplication using Java 21.0.2 with PID 13872 (C:\Developpement\Java\Workspace_incredy\incredy\target\classes started by bgrys in C:\Developpement\Java\Workspace_incredy\incredy)
2024-09-15T16:02:56.595+02:00 DEBUG 13872 --- [incredy] [main] fr.bgsoft.incredy.IncredyApplication     : Running with Spring Boot v3.3.2, Spring v6.1.11
2024-09-15T16:02:56.603+02:00  INFO 13872 --- [incredy] [main] fr.bgsoft.incredy.IncredyApplication     : The following 1 profile is active: "dev"
2024-09-15T16:03:04.384+02:00  INFO 13872 --- [incredy] [main] .s.d.r.c.RepositoryConfigurationDelegate : Bootstrapping Spring Data JPA repositories in DEFAULT mode.
2024-09-15T16:03:04.861+02:00  INFO 13872 --- [incredy] [main] .s.d.r.c.RepositoryConfigurationDelegate : Finished Spring Data repository scanning in 381 ms. Found 1 JPA repository interface.
2024-09-15T16:03:05.657+02:00  INFO 13872 --- [incredy] [main] o.s.cloud.context.scope.GenericScope     : BeanFactory id=fed2d760-f550-33e6-ae3e-d889c6e6009f
2024-09-15T16:03:06.392+02:00  WARN 13872 --- [incredy] [main] trationDelegate$BeanPostProcessorChecker : Bean 'org.springframework.cloud.client.loadbalancer.LoadBalancerAutoConfiguration$DeferringLoadBalancerInterceptorConfig' of type [org.springframework.cloud.client.loadbalancer.LoadBalancerAutoConfiguration$DeferringLoadBalancerInterceptorConfig] is not eligible for getting processed by all BeanPostProcessors (for example: not eligible for auto-proxying). The currently created BeanPostProcessor [lbRestClientPostProcessor] is declared through a non-static factory method on that class; consider declaring it as static instead.
2024-09-15T16:03:06.402+02:00  WARN 13872 --- [incredy] [main] trationDelegate$BeanPostProcessorChecker : Bean 'deferringLoadBalancerInterceptor' of type [org.springframework.cloud.client.loadbalancer.DeferringLoadBalancerInterceptor] is not eligible for getting processed by all BeanPostProcessors (for example: not eligible for auto-proxying). Is this bean getting eagerly injected into a currently created BeanPostProcessor [lbRestClientPostProcessor]? Check the corresponding BeanPostProcessor declaration and its dependencies.
2024-09-15T16:03:06.414+02:00  WARN 13872 --- [incredy] [main] trationDelegate$BeanPostProcessorChecker : Bean 'org.springframework.cloud.client.loadbalancer.reactive.LoadBalancerBeanPostProcessorAutoConfiguration' of type [org.springframework.cloud.client.loadbalancer.reactive.LoadBalancerBeanPostProcessorAutoConfiguration] is not eligible for getting processed by all BeanPostProcessors (for example: not eligible for auto-proxying). The currently created BeanPostProcessor [loadBalancerWebClientBuilderBeanPostProcessor] is declared through a non-static factory method on that class; consider declaring it as static instead.
2024-09-15T16:03:06.420+02:00  WARN 13872 --- [incredy] [main] trationDelegate$BeanPostProcessorChecker : Bean 'org.springframework.cloud.client.loadbalancer.reactive.LoadBalancerBeanPostProcessorAutoConfiguration$ReactorDeferringLoadBalancerFilterConfig' of type [org.springframework.cloud.client.loadbalancer.reactive.LoadBalancerBeanPostProcessorAutoConfiguration$ReactorDeferringLoadBalancerFilterConfig] is not eligible for getting processed by all BeanPostProcessors (for example: not eligible for auto-proxying). Is this bean getting eagerly injected into a currently created BeanPostProcessor [loadBalancerWebClientBuilderBeanPostProcessor]? Check the corresponding BeanPostProcessor declaration and its dependencies.
2024-09-15T16:03:06.426+02:00  WARN 13872 --- [incredy] [main] trationDelegate$BeanPostProcessorChecker : Bean 'reactorDeferringLoadBalancerExchangeFilterFunction' of type [org.springframework.cloud.client.loadbalancer.reactive.DeferringLoadBalancerExchangeFilterFunction] is not eligible for getting processed by all BeanPostProcessors (for example: not eligible for auto-proxying). Is this bean getting eagerly injected into a currently created BeanPostProcessor [loadBalancerWebClientBuilderBeanPostProcessor]? Check the corresponding BeanPostProcessor declaration and its dependencies.
2024-09-15T16:03:07.180+02:00  INFO 13872 --- [incredy] [main] o.s.b.w.embedded.tomcat.TomcatWebServer  : Tomcat initialized with port 8081 (http)
2024-09-15T16:03:07.214+02:00  INFO 13872 --- [incredy] [main] o.apache.catalina.core.StandardService   : Starting service [Tomcat]
2024-09-15T16:03:07.215+02:00  INFO 13872 --- [incredy] [main] o.apache.catalina.core.StandardEngine    : Starting Servlet engine: [Apache Tomcat/10.1.26]
2024-09-15T16:03:07.386+02:00  INFO 13872 --- [incredy] [main] o.a.c.c.C.[Tomcat].[localhost].[/]       : Initializing Spring embedded WebApplicationContext
2024-09-15T16:03:07.387+02:00  INFO 13872 --- [incredy] [main] w.s.c.ServletWebServerApplicationContext : Root WebApplicationContext: initialization completed in 10555 ms
2024-09-15T16:03:08.052+02:00  INFO 13872 --- [incredy] [main] com.zaxxer.hikari.HikariDataSource       : HikariPool-1 - Starting...
2024-09-15T16:03:08.364+02:00  INFO 13872 --- [incredy] [main] com.zaxxer.hikari.pool.HikariPool        : HikariPool-1 - Added connection org.postgresql.jdbc.PgConnection@6a54aa7a
2024-09-15T16:03:08.369+02:00  INFO 13872 --- [incredy] [main] com.zaxxer.hikari.HikariDataSource       : HikariPool-1 - Start completed.
2024-09-15T16:03:08.465+02:00  INFO 13872 --- [incredy] [main] o.hibernate.jpa.internal.util.LogHelper  : HHH000204: Processing PersistenceUnitInfo [name: default]
2024-09-15T16:03:08.609+02:00  INFO 13872 --- [incredy] [main] org.hibernate.Version                    : HHH000412: Hibernate ORM core version 6.5.2.Final
2024-09-15T16:03:08.693+02:00  INFO 13872 --- [incredy] [main] o.h.c.internal.RegionFactoryInitiator    : HHH000026: Second-level cache disabled
2024-09-15T16:03:09.435+02:00  INFO 13872 --- [incredy] [main] o.s.o.j.p.SpringPersistenceUnitInfo      : No LoadTimeWeaver setup: ignoring JPA class transformer
2024-09-15T16:03:10.993+02:00  INFO 13872 --- [incredy] [main] o.h.e.t.j.p.i.JtaPlatformInitiator       : HHH000489: No JTA platform available (set 'hibernate.transaction.jta.platform' to enable JTA platform integration)
2024-09-15T16:03:11.012+02:00  INFO 13872 --- [incredy] [main] j.LocalContainerEntityManagerFactoryBean : Initialized JPA EntityManagerFactory for persistence unit 'default'
2024-09-15T16:03:11.823+02:00  WARN 13872 --- [incredy] [main] JpaBaseConfiguration$JpaWebConfiguration : spring.jpa.open-in-view is enabled by default. Therefore, database queries may be performed during view rendering. Explicitly configure spring.jpa.open-in-view to disable this warning
2024-09-15T16:03:14.285+02:00  INFO 13872 --- [incredy] [main] o.s.cloud.commons.util.InetUtils         : Cannot determine local hostname
2024-09-15T16:03:15.386+02:00  INFO 13872 --- [incredy] [main] o.s.cloud.commons.util.InetUtils         : Cannot determine local hostname
2024-09-15T16:03:18.703+02:00  INFO 13872 --- [incredy] [main] o.s.cloud.commons.util.InetUtils         : Cannot determine local hostname
2024-09-15T16:03:18.742+02:00  INFO 13872 --- [incredy] [main] DiscoveryClientOptionalArgsConfiguration : Eureka HTTP Client uses RestTemplate.
2024-09-15T16:03:18.978+02:00  WARN 13872 --- [incredy] [main] iguration$LoadBalancerCaffeineWarnLogger : Spring Cloud LoadBalancer is currently working with the default cache. While this cache implementation is useful for development and tests, it's recommended to use Caffeine cache in production.You can switch to using Caffeine cache, by adding it and org.springframework.cache.caffeine.CaffeineCacheManager to the classpath.
2024-09-15T16:03:19.108+02:00  INFO 13872 --- [incredy] [main] o.s.c.n.eureka.InstanceInfoFactory       : Setting initial instance status as: STARTING
2024-09-15T16:03:19.142+02:00  INFO 13872 --- [incredy] [main] com.netflix.discovery.DiscoveryClient    : Initializing Eureka in region us-east-1
2024-09-15T16:03:19.150+02:00  INFO 13872 --- [incredy] [main] c.n.d.s.r.aws.ConfigClusterResolver      : Resolving eureka endpoints via configuration
2024-09-15T16:03:19.160+02:00  INFO 13872 --- [incredy] [main] com.netflix.discovery.DiscoveryClient    : Disable delta property : false
2024-09-15T16:03:19.160+02:00  INFO 13872 --- [incredy] [main] com.netflix.discovery.DiscoveryClient    : Single vip registry refresh property : null
2024-09-15T16:03:19.160+02:00  INFO 13872 --- [incredy] [main] com.netflix.discovery.DiscoveryClient    : Force full registry fetch : false
2024-09-15T16:03:19.160+02:00  INFO 13872 --- [incredy] [main] com.netflix.discovery.DiscoveryClient    : Application is null : false
2024-09-15T16:03:19.160+02:00  INFO 13872 --- [incredy] [main] com.netflix.discovery.DiscoveryClient    : Registered Applications size is zero : true
2024-09-15T16:03:19.160+02:00  INFO 13872 --- [incredy] [main] com.netflix.discovery.DiscoveryClient    : Application version is -1: true
2024-09-15T16:03:19.160+02:00  INFO 13872 --- [incredy] [main] com.netflix.discovery.DiscoveryClient    : Getting all instance registry info from the eureka server
2024-09-15T16:03:19.507+02:00  INFO 13872 --- [incredy] [main] com.netflix.discovery.DiscoveryClient    : The response status is 200
2024-09-15T16:03:19.510+02:00  INFO 13872 --- [incredy] [main] com.netflix.discovery.DiscoveryClient    : Starting heartbeat executor: renew interval is: 30
2024-09-15T16:03:19.515+02:00  INFO 13872 --- [incredy] [main] c.n.discovery.InstanceInfoReplicator     : InstanceInfoReplicator onDemand update allowed rate per min is 4
2024-09-15T16:03:19.520+02:00  INFO 13872 --- [incredy] [main] com.netflix.discovery.DiscoveryClient    : Discovery Client initialized at timestamp 1726408999518 with initial instances count: 1
2024-09-15T16:03:19.533+02:00  INFO 13872 --- [incredy] [DiscoveryClient-InstanceInfoReplicator-%d] com.netflix.discovery.DiscoveryClient    : Saw local status change event StatusChangeEvent [timestamp=1726408999533, current=DOWN, previous=STARTING]
2024-09-15T16:03:19.535+02:00  INFO 13872 --- [incredy] [DiscoveryClient-InstanceInfoReplicator-%d] com.netflix.discovery.DiscoveryClient    : DiscoveryClient_INCREDY/localhost:incredy:8081: registering service...
2024-09-15T16:03:19.535+02:00  INFO 13872 --- [incredy] [main] o.s.c.n.e.s.EurekaServiceRegistry        : Registering application INCREDY with eureka with status UP
2024-09-15T16:03:19.535+02:00  INFO 13872 --- [incredy] [main] com.netflix.discovery.DiscoveryClient    : Saw local status change event StatusChangeEvent [timestamp=1726408999535, current=UP, previous=DOWN]
2024-09-15T16:03:19.535+02:00  WARN 13872 --- [incredy] [main] c.n.discovery.InstanceInfoReplicator     : Ignoring onDemand update due to rate limiter
2024-09-15T16:03:19.537+02:00  WARN 13872 --- [incredy] [main] c.n.discovery.InstanceInfoReplicator     : Ignoring onDemand update due to rate limiter
2024-09-15T16:03:19.570+02:00  INFO 13872 --- [incredy] [main] o.s.b.w.embedded.tomcat.TomcatWebServer  : Tomcat started on port 8081 (http) with context path '/'
2024-09-15T16:03:19.573+02:00  INFO 13872 --- [incredy] [main] .s.c.n.e.s.EurekaAutoServiceRegistration : Updating port to 8081
2024-09-15T16:03:19.628+02:00  INFO 13872 --- [incredy] [DiscoveryClient-InstanceInfoReplicator-%d] com.netflix.discovery.DiscoveryClient    : DiscoveryClient_INCREDY/localhost:incredy:8081 - registration status: 204
2024-09-15T16:03:19.656+02:00  INFO 13872 --- [incredy] [DiscoveryClient-InstanceInfoReplicator-%d] com.netflix.discovery.DiscoveryClient    : Saw local status change event StatusChangeEvent [timestamp=1726408999656, current=DOWN, previous=UP]
2024-09-15T16:03:19.656+02:00  WARN 13872 --- [incredy] [DiscoveryClient-InstanceInfoReplicator-%d] c.n.discovery.InstanceInfoReplicator     : Ignoring onDemand update due to rate limiter
2024-09-15T16:03:19.657+02:00  INFO 13872 --- [incredy] [DiscoveryClient-InstanceInfoReplicator-%d] com.netflix.discovery.DiscoveryClient    : DiscoveryClient_INCREDY/localhost:incredy:8081: registering service...
2024-09-15T16:03:19.667+02:00  INFO 13872 --- [incredy] [DiscoveryClient-InstanceInfoReplicator-%d] com.netflix.discovery.DiscoveryClient    : DiscoveryClient_INCREDY/localhost:incredy:8081 - registration status: 204
2024-09-15T16:03:20.603+02:00  INFO 13872 --- [incredy] [main] o.s.cloud.commons.util.InetUtils         : Cannot determine local hostname
2024-09-15T16:03:21.621+02:00  INFO 13872 --- [incredy] [main] o.s.cloud.commons.util.InetUtils         : Cannot determine local hostname
2024-09-15T16:03:21.760+02:00  INFO 13872 --- [incredy] [main] o.s.b.w.embedded.tomcat.TomcatWebServer  : Tomcat initialized with port 9081 (http)
2024-09-15T16:03:21.762+02:00  INFO 13872 --- [incredy] [main] o.apache.catalina.core.StandardService   : Starting service [Tomcat]
2024-09-15T16:03:21.762+02:00  INFO 13872 --- [incredy] [main] o.apache.catalina.core.StandardEngine    : Starting Servlet engine: [Apache Tomcat/10.1.26]
2024-09-15T16:03:21.847+02:00  INFO 13872 --- [incredy] [main] o.a.c.c.C.[Tomcat-1].[localhost].[/]     : Initializing Spring embedded WebApplicationContext
2024-09-15T16:03:21.854+02:00  INFO 13872 --- [incredy] [main] w.s.c.ServletWebServerApplicationContext : Root WebApplicationContext: initialization completed in 227 ms
2024-09-15T16:03:21.991+02:00  INFO 13872 --- [incredy] [main] o.s.b.a.e.web.EndpointLinksResolver      : Exposing 19 endpoints beneath base path '/actuator'
2024-09-15T16:03:22.126+02:00  INFO 13872 --- [incredy] [main] o.s.b.w.embedded.tomcat.TomcatWebServer  : Tomcat started on port 9081 (http) with context path '/'
2024-09-15T16:03:23.175+02:00  INFO 13872 --- [incredy] [main] o.s.cloud.commons.util.InetUtils         : Cannot determine local hostname
2024-09-15T16:03:24.200+02:00  INFO 13872 --- [incredy] [main] o.s.cloud.commons.util.InetUtils         : Cannot determine local hostname
2024-09-15T16:03:24.230+02:00  INFO 13872 --- [incredy] [main] fr.bgsoft.incredy.IncredyApplication     : Started IncredyApplication in 31.286 seconds (process running for 44.259)
2024-09-15T16:03:43.073+02:00  INFO 13872 --- [incredy] [http-nio-9081-exec-1] o.a.c.c.C.[Tomcat-1].[localhost].[/]     : Initializing Spring DispatcherServlet 'dispatcherServletRegistration'
2024-09-15T16:03:43.074+02:00  INFO 13872 --- [incredy] [http-nio-9081-exec-1] o.s.web.servlet.DispatcherServlet        : Initializing Servlet 'dispatcherServletRegistration'
2024-09-15T16:03:43.074+02:00  INFO 13872 --- [incredy] [http-nio-9081-exec-1] o.s.web.servlet.DispatcherServlet        : Completed initialization in 0 ms
2024-09-15T16:03:49.680+02:00  INFO 13872 --- [incredy] [DiscoveryClient-InstanceInfoReplicator-%d] com.netflix.discovery.DiscoveryClient    : Saw local status change event StatusChangeEvent [timestamp=1726409029680, current=UP, previous=DOWN]
2024-09-15T16:03:49.681+02:00  INFO 13872 --- [incredy] [DiscoveryClient-InstanceInfoReplicator-%d] com.netflix.discovery.DiscoveryClient    : DiscoveryClient_INCREDY/localhost:incredy:8081: registering service...
2024-09-15T16:03:49.690+02:00  INFO 13872 --- [incredy] [DiscoveryClient-InstanceInfoReplicator-%d] com.netflix.discovery.DiscoveryClient    : DiscoveryClient_INCREDY/localhost:incredy:8081 - registration status: 204
2024-09-15T16:08:19.165+02:00  INFO 13872 --- [incredy] [AsyncResolver-bootstrap-executor-%d] c.n.d.s.r.aws.ConfigClusterResolver      : Resolving eureka endpoints via configuration
2024-09-15T16:13:19.179+02:00  INFO 13872 --- [incredy] [AsyncResolver-bootstrap-executor-%d] c.n.d.s.r.aws.ConfigClusterResolver      : Resolving eureka endpoints via configuration
2024-09-15T16:18:19.194+02:00  INFO 13872 --- [incredy] [AsyncResolver-bootstrap-executor-%d] c.n.d.s.r.aws.ConfigClusterResolver      : Resolving eureka endpoints via configuration
2024-09-15T16:23:19.205+02:00  INFO 13872 --- [incredy] [AsyncResolver-bootstrap-executor-%d] c.n.d.s.r.aws.ConfigClusterResolver      : Resolving eureka endpoints via configuration
2024-09-15T16:28:19.210+02:00  INFO 13872 --- [incredy] [AsyncResolver-bootstrap-executor-%d] c.n.d.s.r.aws.ConfigClusterResolver      : Resolving eureka endpoints via configuration
2024-09-15T16:33:19.223+02:00  INFO 13872 --- [incredy] [AsyncResolver-bootstrap-executor-%d] c.n.d.s.r.aws.ConfigClusterResolver      : Resolving eureka endpoints via configuration
2024-09-15T16:38:19.225+02:00  INFO 13872 --- [incredy] [AsyncResolver-bootstrap-executor-%d] c.n.d.s.r.aws.ConfigClusterResolver      : Resolving eureka endpoints via configuration
2024-09-15T16:43:19.241+02:00  INFO 13872 --- [incredy] [AsyncResolver-bootstrap-executor-%d] c.n.d.s.r.aws.ConfigClusterResolver      : Resolving eureka endpoints via configuration
2024-09-15T16:48:19.257+02:00  INFO 13872 --- [incredy] [AsyncResolver-bootstrap-executor-%d] c.n.d.s.r.aws.ConfigClusterResolver      : Resolving eureka endpoints via configuration
2024-09-15T16:53:19.266+02:00  INFO 13872 --- [incredy] [AsyncResolver-bootstrap-executor-%d] c.n.d.s.r.aws.ConfigClusterResolver      : Resolving eureka endpoints via configuration
2024-09-15T16:54:53.563+02:00  INFO 16064 --- [incredy] [main] fr.bgsoft.incredy.IncredyApplication     : Starting IncredyApplication using Java 21.0.2 with PID 16064 (C:\Developpement\Java\Workspace_incredy\incredy\target\classes started by bgrys in C:\Developpement\Java\Workspace_incredy\incredy)
2024-09-15T16:54:53.565+02:00 DEBUG 16064 --- [incredy] [main] fr.bgsoft.incredy.IncredyApplication     : Running with Spring Boot v3.3.2, Spring v6.1.11
2024-09-15T16:54:53.566+02:00  INFO 16064 --- [incredy] [main] fr.bgsoft.incredy.IncredyApplication     : The following 1 profile is active: "dev"
2024-09-15T16:54:56.281+02:00  INFO 16064 --- [incredy] [main] .s.d.r.c.RepositoryConfigurationDelegate : Bootstrapping Spring Data JPA repositories in DEFAULT mode.
2024-09-15T16:54:56.510+02:00  INFO 16064 --- [incredy] [main] .s.d.r.c.RepositoryConfigurationDelegate : Finished Spring Data repository scanning in 214 ms. Found 1 JPA repository interface.
2024-09-15T16:54:57.114+02:00  INFO 16064 --- [incredy] [main] o.s.cloud.context.scope.GenericScope     : BeanFactory id=fed2d760-f550-33e6-ae3e-d889c6e6009f
2024-09-15T16:54:57.939+02:00  WARN 16064 --- [incredy] [main] trationDelegate$BeanPostProcessorChecker : Bean 'org.springframework.cloud.client.loadbalancer.LoadBalancerAutoConfiguration$DeferringLoadBalancerInterceptorConfig' of type [org.springframework.cloud.client.loadbalancer.LoadBalancerAutoConfiguration$DeferringLoadBalancerInterceptorConfig] is not eligible for getting processed by all BeanPostProcessors (for example: not eligible for auto-proxying). The currently created BeanPostProcessor [lbRestClientPostProcessor] is declared through a non-static factory method on that class; consider declaring it as static instead.
2024-09-15T16:54:57.947+02:00  WARN 16064 --- [incredy] [main] trationDelegate$BeanPostProcessorChecker : Bean 'deferringLoadBalancerInterceptor' of type [org.springframework.cloud.client.loadbalancer.DeferringLoadBalancerInterceptor] is not eligible for getting processed by all BeanPostProcessors (for example: not eligible for auto-proxying). Is this bean getting eagerly injected into a currently created BeanPostProcessor [lbRestClientPostProcessor]? Check the corresponding BeanPostProcessor declaration and its dependencies.
2024-09-15T16:54:57.957+02:00  WARN 16064 --- [incredy] [main] trationDelegate$BeanPostProcessorChecker : Bean 'org.springframework.cloud.client.loadbalancer.reactive.LoadBalancerBeanPostProcessorAutoConfiguration' of type [org.springframework.cloud.client.loadbalancer.reactive.LoadBalancerBeanPostProcessorAutoConfiguration] is not eligible for getting processed by all BeanPostProcessors (for example: not eligible for auto-proxying). The currently created BeanPostProcessor [loadBalancerWebClientBuilderBeanPostProcessor] is declared through a non-static factory method on that class; consider declaring it as static instead.
2024-09-15T16:54:57.964+02:00  WARN 16064 --- [incredy] [main] trationDelegate$BeanPostProcessorChecker : Bean 'org.springframework.cloud.client.loadbalancer.reactive.LoadBalancerBeanPostProcessorAutoConfiguration$ReactorDeferringLoadBalancerFilterConfig' of type [org.springframework.cloud.client.loadbalancer.reactive.LoadBalancerBeanPostProcessorAutoConfiguration$ReactorDeferringLoadBalancerFilterConfig] is not eligible for getting processed by all BeanPostProcessors (for example: not eligible for auto-proxying). Is this bean getting eagerly injected into a currently created BeanPostProcessor [loadBalancerWebClientBuilderBeanPostProcessor]? Check the corresponding BeanPostProcessor declaration and its dependencies.
2024-09-15T16:54:57.971+02:00  WARN 16064 --- [incredy] [main] trationDelegate$BeanPostProcessorChecker : Bean 'reactorDeferringLoadBalancerExchangeFilterFunction' of type [org.springframework.cloud.client.loadbalancer.reactive.DeferringLoadBalancerExchangeFilterFunction] is not eligible for getting processed by all BeanPostProcessors (for example: not eligible for auto-proxying). Is this bean getting eagerly injected into a currently created BeanPostProcessor [loadBalancerWebClientBuilderBeanPostProcessor]? Check the corresponding BeanPostProcessor declaration and its dependencies.
2024-09-15T16:54:58.646+02:00  INFO 16064 --- [incredy] [main] o.s.b.w.embedded.tomcat.TomcatWebServer  : Tomcat initialized with port 8081 (http)
2024-09-15T16:54:58.674+02:00  INFO 16064 --- [incredy] [main] o.apache.catalina.core.StandardService   : Starting service [Tomcat]
2024-09-15T16:54:58.675+02:00  INFO 16064 --- [incredy] [main] o.apache.catalina.core.StandardEngine    : Starting Servlet engine: [Apache Tomcat/10.1.26]
2024-09-15T16:54:58.817+02:00  INFO 16064 --- [incredy] [main] o.a.c.c.C.[Tomcat].[localhost].[/]       : Initializing Spring embedded WebApplicationContext
2024-09-15T16:54:58.818+02:00  INFO 16064 --- [incredy] [main] w.s.c.ServletWebServerApplicationContext : Root WebApplicationContext: initialization completed in 5163 ms
2024-09-15T16:54:59.487+02:00  INFO 16064 --- [incredy] [main] com.zaxxer.hikari.HikariDataSource       : HikariPool-1 - Starting...
2024-09-15T16:54:59.861+02:00  INFO 16064 --- [incredy] [main] com.zaxxer.hikari.pool.HikariPool        : HikariPool-1 - Added connection org.postgresql.jdbc.PgConnection@602aeb87
2024-09-15T16:54:59.868+02:00  INFO 16064 --- [incredy] [main] com.zaxxer.hikari.HikariDataSource       : HikariPool-1 - Start completed.
2024-09-15T16:54:59.942+02:00  INFO 16064 --- [incredy] [main] o.hibernate.jpa.internal.util.LogHelper  : HHH000204: Processing PersistenceUnitInfo [name: default]
2024-09-15T16:55:00.139+02:00  INFO 16064 --- [incredy] [main] org.hibernate.Version                    : HHH000412: Hibernate ORM core version 6.5.2.Final
2024-09-15T16:55:00.228+02:00  INFO 16064 --- [incredy] [main] o.h.c.internal.RegionFactoryInitiator    : HHH000026: Second-level cache disabled
2024-09-15T16:55:00.916+02:00  INFO 16064 --- [incredy] [main] o.s.o.j.p.SpringPersistenceUnitInfo      : No LoadTimeWeaver setup: ignoring JPA class transformer
2024-09-15T16:55:02.600+02:00  INFO 16064 --- [incredy] [main] o.h.e.t.j.p.i.JtaPlatformInitiator       : HHH000489: No JTA platform available (set 'hibernate.transaction.jta.platform' to enable JTA platform integration)
2024-09-15T16:55:02.605+02:00  INFO 16064 --- [incredy] [main] j.LocalContainerEntityManagerFactoryBean : Initialized JPA EntityManagerFactory for persistence unit 'default'
2024-09-15T16:55:03.581+02:00  WARN 16064 --- [incredy] [main] JpaBaseConfiguration$JpaWebConfiguration : spring.jpa.open-in-view is enabled by default. Therefore, database queries may be performed during view rendering. Explicitly configure spring.jpa.open-in-view to disable this warning
2024-09-15T16:55:05.578+02:00  INFO 16064 --- [incredy] [main] o.s.cloud.commons.util.InetUtils         : Cannot determine local hostname
2024-09-15T16:55:06.687+02:00  INFO 16064 --- [incredy] [main] o.s.cloud.commons.util.InetUtils         : Cannot determine local hostname
2024-09-15T16:55:09.577+02:00  INFO 16064 --- [incredy] [main] o.s.cloud.commons.util.InetUtils         : Cannot determine local hostname
2024-09-15T16:55:09.621+02:00  INFO 16064 --- [incredy] [main] DiscoveryClientOptionalArgsConfiguration : Eureka HTTP Client uses RestTemplate.
2024-09-15T16:55:09.893+02:00  WARN 16064 --- [incredy] [main] iguration$LoadBalancerCaffeineWarnLogger : Spring Cloud LoadBalancer is currently working with the default cache. While this cache implementation is useful for development and tests, it's recommended to use Caffeine cache in production.You can switch to using Caffeine cache, by adding it and org.springframework.cache.caffeine.CaffeineCacheManager to the classpath.
2024-09-15T16:55:10.031+02:00  INFO 16064 --- [incredy] [main] o.s.c.n.eureka.InstanceInfoFactory       : Setting initial instance status as: STARTING
2024-09-15T16:55:10.066+02:00  INFO 16064 --- [incredy] [main] com.netflix.discovery.DiscoveryClient    : Initializing Eureka in region us-east-1
2024-09-15T16:55:10.073+02:00  INFO 16064 --- [incredy] [main] c.n.d.s.r.aws.ConfigClusterResolver      : Resolving eureka endpoints via configuration
2024-09-15T16:55:10.088+02:00  INFO 16064 --- [incredy] [main] com.netflix.discovery.DiscoveryClient    : Disable delta property : false
2024-09-15T16:55:10.088+02:00  INFO 16064 --- [incredy] [main] com.netflix.discovery.DiscoveryClient    : Single vip registry refresh property : null
2024-09-15T16:55:10.088+02:00  INFO 16064 --- [incredy] [main] com.netflix.discovery.DiscoveryClient    : Force full registry fetch : false
2024-09-15T16:55:10.088+02:00  INFO 16064 --- [incredy] [main] com.netflix.discovery.DiscoveryClient    : Application is null : false
2024-09-15T16:55:10.088+02:00  INFO 16064 --- [incredy] [main] com.netflix.discovery.DiscoveryClient    : Registered Applications size is zero : true
2024-09-15T16:55:10.088+02:00  INFO 16064 --- [incredy] [main] com.netflix.discovery.DiscoveryClient    : Application version is -1: true
2024-09-15T16:55:10.088+02:00  INFO 16064 --- [incredy] [main] com.netflix.discovery.DiscoveryClient    : Getting all instance registry info from the eureka server
2024-09-15T16:55:10.340+02:00  INFO 16064 --- [incredy] [main] com.netflix.discovery.DiscoveryClient    : The response status is 200
2024-09-15T16:55:10.342+02:00  INFO 16064 --- [incredy] [main] com.netflix.discovery.DiscoveryClient    : Starting heartbeat executor: renew interval is: 30
2024-09-15T16:55:10.347+02:00  INFO 16064 --- [incredy] [main] c.n.discovery.InstanceInfoReplicator     : InstanceInfoReplicator onDemand update allowed rate per min is 4
2024-09-15T16:55:10.349+02:00  INFO 16064 --- [incredy] [main] com.netflix.discovery.DiscoveryClient    : Discovery Client initialized at timestamp 1726412110348 with initial instances count: 3
2024-09-15T16:55:10.373+02:00  INFO 16064 --- [incredy] [DiscoveryClient-InstanceInfoReplicator-%d] com.netflix.discovery.DiscoveryClient    : Saw local status change event StatusChangeEvent [timestamp=1726412110373, current=DOWN, previous=STARTING]
2024-09-15T16:55:10.374+02:00  INFO 16064 --- [incredy] [DiscoveryClient-InstanceInfoReplicator-%d] com.netflix.discovery.DiscoveryClient    : DiscoveryClient_INCREDY/localhost:incredy:8081: registering service...
2024-09-15T16:55:10.374+02:00  INFO 16064 --- [incredy] [main] o.s.c.n.e.s.EurekaServiceRegistry        : Registering application INCREDY with eureka with status UP
2024-09-15T16:55:10.376+02:00  INFO 16064 --- [incredy] [main] com.netflix.discovery.DiscoveryClient    : Saw local status change event StatusChangeEvent [timestamp=1726412110376, current=UP, previous=DOWN]
2024-09-15T16:55:10.376+02:00  WARN 16064 --- [incredy] [main] c.n.discovery.InstanceInfoReplicator     : Ignoring onDemand update due to rate limiter
2024-09-15T16:55:10.378+02:00  WARN 16064 --- [incredy] [main] c.n.discovery.InstanceInfoReplicator     : Ignoring onDemand update due to rate limiter
2024-09-15T16:55:10.410+02:00  INFO 16064 --- [incredy] [main] o.s.c.n.e.s.EurekaServiceRegistry        : Unregistering application INCREDY with eureka with status DOWN
2024-09-15T16:55:10.411+02:00  INFO 16064 --- [incredy] [main] com.netflix.discovery.DiscoveryClient    : Saw local status change event StatusChangeEvent [timestamp=1726412110411, current=DOWN, previous=UP]
2024-09-15T16:55:10.411+02:00  WARN 16064 --- [incredy] [main] c.n.discovery.InstanceInfoReplicator     : Ignoring onDemand update due to rate limiter
2024-09-15T16:55:10.412+02:00  WARN 16064 --- [incredy] [main] ConfigServletWebServerApplicationContext : Exception encountered during context initialization - cancelling refresh attempt: org.springframework.context.ApplicationContextException: Failed to start bean 'webServerStartStop'
2024-09-15T16:55:10.422+02:00  INFO 16064 --- [incredy] [main] j.LocalContainerEntityManagerFactoryBean : Closing JPA EntityManagerFactory for persistence unit 'default'
2024-09-15T16:55:10.425+02:00  INFO 16064 --- [incredy] [main] com.zaxxer.hikari.HikariDataSource       : HikariPool-1 - Shutdown initiated...
2024-09-15T16:55:10.437+02:00  INFO 16064 --- [incredy] [main] com.zaxxer.hikari.HikariDataSource       : HikariPool-1 - Shutdown completed.
2024-09-15T16:55:10.439+02:00  INFO 16064 --- [incredy] [main] com.netflix.discovery.DiscoveryClient    : Shutting down DiscoveryClient ...
2024-09-15T16:55:10.451+02:00  INFO 16064 --- [incredy] [DiscoveryClient-InstanceInfoReplicator-%d] com.netflix.discovery.DiscoveryClient    : DiscoveryClient_INCREDY/localhost:incredy:8081 - registration status: 204
2024-09-15T16:55:10.451+02:00  INFO 16064 --- [incredy] [DiscoveryClient-InstanceInfoReplicator-%d] com.netflix.discovery.DiscoveryClient    : DiscoveryClient_INCREDY/localhost:incredy:8081: registering service...
2024-09-15T16:55:10.457+02:00  INFO 16064 --- [incredy] [DiscoveryClient-InstanceInfoReplicator-%d] com.netflix.discovery.DiscoveryClient    : DiscoveryClient_INCREDY/localhost:incredy:8081 - registration status: 204
2024-09-15T16:55:10.457+02:00  INFO 16064 --- [incredy] [main] com.netflix.discovery.DiscoveryClient    : Unregistering ...
2024-09-15T16:55:10.523+02:00  INFO 16064 --- [incredy] [main] com.netflix.discovery.DiscoveryClient    : DiscoveryClient_INCREDY/localhost:incredy:8081 - deregister  status: 200
2024-09-15T16:55:10.523+02:00  INFO 16064 --- [incredy] [main] com.netflix.discovery.DiscoveryClient    : Completed shut down of DiscoveryClient
2024-09-15T16:55:10.553+02:00  INFO 16064 --- [incredy] [main] .s.b.a.l.ConditionEvaluationReportLogger : 

Error starting ApplicationContext. To display the condition evaluation report re-run your application with 'debug' enabled.
2024-09-15T16:55:10.585+02:00 ERROR 16064 --- [incredy] [main] o.s.b.d.LoggingFailureAnalysisReporter   : 

***************************
APPLICATION FAILED TO START
***************************

Description:

Web server failed to start. Port 8081 was already in use.

Action:

Identify and stop the process that's listening on port 8081 or configure this application to listen on another port.

2024-09-15T16:55:22.996+02:00  INFO 13872 --- [incredy] [DiscoveryClient-HeartbeatExecutor-%d] com.netflix.discovery.DiscoveryClient    : DiscoveryClient_INCREDY/localhost:incredy:8081 - Re-registering apps/INCREDY
2024-09-15T16:55:22.998+02:00  INFO 13872 --- [incredy] [DiscoveryClient-HeartbeatExecutor-%d] com.netflix.discovery.DiscoveryClient    : DiscoveryClient_INCREDY/localhost:incredy:8081: registering service...
2024-09-15T16:55:23.028+02:00  INFO 13872 --- [incredy] [DiscoveryClient-HeartbeatExecutor-%d] com.netflix.discovery.DiscoveryClient    : DiscoveryClient_INCREDY/localhost:incredy:8081 - registration status: 204
2024-09-15T16:57:41.593+02:00  INFO 13872 --- [incredy] [http-nio-8081-exec-1] o.a.c.c.C.[Tomcat].[localhost].[/]       : Initializing Spring DispatcherServlet 'dispatcherServlet'
2024-09-15T16:57:41.606+02:00  INFO 13872 --- [incredy] [http-nio-8081-exec-1] o.s.web.servlet.DispatcherServlet        : Initializing Servlet 'dispatcherServlet'
2024-09-15T16:57:41.849+02:00  INFO 13872 --- [incredy] [http-nio-8081-exec-1] o.s.web.servlet.DispatcherServlet        : Completed initialization in 242 ms
2024-09-15T16:58:19.280+02:00  INFO 13872 --- [incredy] [AsyncResolver-bootstrap-executor-%d] c.n.d.s.r.aws.ConfigClusterResolver      : Resolving eureka endpoints via configuration
2024-09-15T17:03:19.287+02:00  INFO 13872 --- [incredy] [AsyncResolver-bootstrap-executor-%d] c.n.d.s.r.aws.ConfigClusterResolver      : Resolving eureka endpoints via configuration
2024-09-15T17:08:19.304+02:00  INFO 13872 --- [incredy] [AsyncResolver-bootstrap-executor-%d] c.n.d.s.r.aws.ConfigClusterResolver      : Resolving eureka endpoints via configuration
